[08-Aug-2025 03:48:07 Europe/Berlin] Error ejecutando statement: CREATE TABLE usuarios (
id INT AUTO_INCREMENT PRIMARY KEY,
nombre VARCHAR(100) NOT NULL,
email VARCH... Error: SQLSTATE[42S01]: Base table or view already exists: 1050 Table 'usuarios' already exists
[08-Aug-2025 03:54:42 Europe/Berlin] Error ejecutando statement: CREATE TABLE sesiones (
id INT AUTO_INCREMENT PRIMARY KEY,
usuario_id INT NOT NULL,
token VARCHAR(25... Error: SQLSTATE[42S01]: Base table or view already exists: 1050 Table 'sesiones' already exists
[08-Aug-2025 04:43:07 Europe/Berlin] Error en executeQuery: SQLSTATE[42S22]: Column not found: 1054 Unknown column 'created_at' in 'field list'
[08-Aug-2025 04:43:07 Europe/Berlin] Error en executeQuery: SQLSTATE[42S22]: Column not found: 1054 Unknown column 'created_at' in 'where clause'
[08-Aug-2025 04:43:07 Europe/Berlin] PHP Warning:  Trying to access array offset on value of type bool in C:\xampp\htdocs\libreria-inventario\api\users.php on line 106
[08-Aug-2025 04:43:07 Europe/Berlin] PHP Warning:  Trying to access array offset on value of type null in C:\xampp\htdocs\libreria-inventario\api\users.php on line 106
[08-Aug-2025 04:43:07 Europe/Berlin] PHP Fatal error:  Uncaught TypeError: count(): Argument #1 ($value) must be of type Countable|array, bool given in C:\xampp\htdocs\libreria-inventario\api\users.php:113
Stack trace:
#0 {main}
  thrown in C:\xampp\htdocs\libreria-inventario\api\users.php on line 113
[08-Aug-2025 04:46:46 Europe/Berlin] Error en executeQuery: SQLSTATE[42S22]: Column not found: 1054 Unknown column 'created_at' in 'field list'
[08-Aug-2025 04:46:46 Europe/Berlin] Error en executeQuery: SQLSTATE[42S22]: Column not found: 1054 Unknown column 'created_at' in 'where clause'
[08-Aug-2025 04:46:46 Europe/Berlin] PHP Warning:  Trying to access array offset on value of type bool in C:\xampp\htdocs\libreria-inventario\api\users_simple.php on line 43
[08-Aug-2025 04:46:46 Europe/Berlin] PHP Warning:  Trying to access array offset on value of type null in C:\xampp\htdocs\libreria-inventario\api\users_simple.php on line 43
[08-Aug-2025 04:46:46 Europe/Berlin] PHP Fatal error:  Uncaught TypeError: count(): Argument #1 ($value) must be of type Countable|array, bool given in C:\xampp\htdocs\libreria-inventario\api\users_simple.php:50
Stack trace:
#0 {main}
  thrown in C:\xampp\htdocs\libreria-inventario\api\users_simple.php on line 50
[08-Aug-2025 04:48:29 Europe/Berlin] Error en executeUpdate: SQLSTATE[42S22]: Column not found: 1054 Unknown column 'created_at' in 'field list'
[08-Aug-2025 04:53:18 Europe/Berlin] Error en executeQuery: SQLSTATE[42S22]: Column not found: 1054 Unknown column 'created_at' in 'field list'
[08-Aug-2025 04:53:18 Europe/Berlin] Error en executeQuery: SQLSTATE[42S22]: Column not found: 1054 Unknown column 'created_at' in 'where clause'
[08-Aug-2025 04:53:18 Europe/Berlin] PHP Warning:  Trying to access array offset on value of type bool in C:\xampp\htdocs\libreria-inventario\api\users_simple.php on line 43
[08-Aug-2025 04:53:18 Europe/Berlin] PHP Warning:  Trying to access array offset on value of type null in C:\xampp\htdocs\libreria-inventario\api\users_simple.php on line 43
[08-Aug-2025 04:53:18 Europe/Berlin] PHP Fatal error:  Uncaught TypeError: count(): Argument #1 ($value) must be of type Countable|array, bool given in C:\xampp\htdocs\libreria-inventario\api\users_simple.php:50
Stack trace:
#0 {main}
  thrown in C:\xampp\htdocs\libreria-inventario\api\users_simple.php on line 50
[08-Aug-2025 04:54:04 Europe/Berlin] Raw POST input: {"nombre":"Sharon Perdomo","email":"sahron@libreria.com","telefono":"","password":"sharon123","rol":"seller","estado":"activo","direccion":""}
[08-Aug-2025 04:54:04 Europe/Berlin] Parsed input: Array
(
    [nombre] => Sharon Perdomo
    [email] => sahron@libreria.com
    [telefono] => 
    [password] => sharon123
    [rol] => seller
    [estado] => activo
    [direccion] => 
)

[08-Aug-2025 04:54:04 Europe/Berlin] Error en executeUpdate: SQLSTATE[42S22]: Column not found: 1054 Unknown column 'created_at' in 'field list'
[08-Aug-2025 04:58:55 Europe/Berlin] Error en executeQuery: SQLSTATE[42S22]: Column not found: 1054 Unknown column 'created_at' in 'field list'
[08-Aug-2025 04:58:55 Europe/Berlin] Error en executeQuery: SQLSTATE[42S22]: Column not found: 1054 Unknown column 'created_at' in 'where clause'
[08-Aug-2025 04:58:55 Europe/Berlin] PHP Warning:  Trying to access array offset on value of type bool in C:\xampp\htdocs\libreria-inventario\api\users_simple.php on line 43
[08-Aug-2025 04:58:55 Europe/Berlin] PHP Warning:  Trying to access array offset on value of type null in C:\xampp\htdocs\libreria-inventario\api\users_simple.php on line 43
[08-Aug-2025 04:58:55 Europe/Berlin] PHP Fatal error:  Uncaught TypeError: count(): Argument #1 ($value) must be of type Countable|array, bool given in C:\xampp\htdocs\libreria-inventario\api\users_simple.php:50
Stack trace:
#0 {main}
  thrown in C:\xampp\htdocs\libreria-inventario\api\users_simple.php on line 50
[08-Aug-2025 04:59:55 Europe/Berlin] Raw POST input: {"nombre":"Sharon Perdomo","email":"sharon@libreria.com","telefono":"","password":"sharon123","rol":"seller","estado":"activo","direccion":""}
[08-Aug-2025 04:59:55 Europe/Berlin] Parsed input: Array
(
    [nombre] => Sharon Perdomo
    [email] => sharon@libreria.com
    [telefono] => 
    [password] => sharon123
    [rol] => seller
    [estado] => activo
    [direccion] => 
)

[08-Aug-2025 04:59:55 Europe/Berlin] Error en executeUpdate: SQLSTATE[42S22]: Column not found: 1054 Unknown column 'created_at' in 'field list'
[08-Aug-2025 05:00:07 Europe/Berlin] Raw POST input: {"nombre":"Sharon Perdomo","email":"sharon@libreria.com","telefono":"","password":"sharon123","rol":"seller","estado":"activo","direccion":""}
[08-Aug-2025 05:00:07 Europe/Berlin] Parsed input: Array
(
    [nombre] => Sharon Perdomo
    [email] => sharon@libreria.com
    [telefono] => 
    [password] => sharon123
    [rol] => seller
    [estado] => activo
    [direccion] => 
)

[08-Aug-2025 05:00:07 Europe/Berlin] Error en executeUpdate: SQLSTATE[42S22]: Column not found: 1054 Unknown column 'created_at' in 'field list'
[08-Aug-2025 05:00:16 Europe/Berlin] Raw POST input: {"nombre":"Sharon Perdomo","email":"sharon@libreria.com","telefono":"","password":"sharon123","rol":"seller","estado":"activo","direccion":""}
[08-Aug-2025 05:00:16 Europe/Berlin] Parsed input: Array
(
    [nombre] => Sharon Perdomo
    [email] => sharon@libreria.com
    [telefono] => 
    [password] => sharon123
    [rol] => seller
    [estado] => activo
    [direccion] => 
)

[08-Aug-2025 05:00:16 Europe/Berlin] Error en executeUpdate: SQLSTATE[42S22]: Column not found: 1054 Unknown column 'created_at' in 'field list'
[08-Aug-2025 05:03:08 Europe/Berlin] Error en executeQuery: SQLSTATE[42S22]: Column not found: 1054 Unknown column 'created_at' in 'field list'
[08-Aug-2025 05:03:08 Europe/Berlin] Error en executeQuery: SQLSTATE[42S22]: Column not found: 1054 Unknown column 'created_at' in 'where clause'
[08-Aug-2025 05:03:08 Europe/Berlin] PHP Warning:  Trying to access array offset on value of type bool in C:\xampp\htdocs\libreria-inventario\api\users_simple.php on line 43
[08-Aug-2025 05:03:08 Europe/Berlin] PHP Warning:  Trying to access array offset on value of type null in C:\xampp\htdocs\libreria-inventario\api\users_simple.php on line 43
[08-Aug-2025 05:03:08 Europe/Berlin] PHP Fatal error:  Uncaught TypeError: count(): Argument #1 ($value) must be of type Countable|array, bool given in C:\xampp\htdocs\libreria-inventario\api\users_simple.php:50
Stack trace:
#0 {main}
  thrown in C:\xampp\htdocs\libreria-inventario\api\users_simple.php on line 50
[08-Aug-2025 05:03:11 Europe/Berlin] Error en executeQuery: SQLSTATE[42S22]: Column not found: 1054 Unknown column 'created_at' in 'field list'
[08-Aug-2025 05:03:11 Europe/Berlin] Error en executeQuery: SQLSTATE[42S22]: Column not found: 1054 Unknown column 'created_at' in 'where clause'
[08-Aug-2025 05:03:11 Europe/Berlin] PHP Warning:  Trying to access array offset on value of type bool in C:\xampp\htdocs\libreria-inventario\api\users_simple.php on line 43
[08-Aug-2025 05:03:11 Europe/Berlin] PHP Warning:  Trying to access array offset on value of type null in C:\xampp\htdocs\libreria-inventario\api\users_simple.php on line 43
[08-Aug-2025 05:03:11 Europe/Berlin] PHP Fatal error:  Uncaught TypeError: count(): Argument #1 ($value) must be of type Countable|array, bool given in C:\xampp\htdocs\libreria-inventario\api\users_simple.php:50
Stack trace:
#0 {main}
  thrown in C:\xampp\htdocs\libreria-inventario\api\users_simple.php on line 50
[08-Aug-2025 05:04:02 Europe/Berlin] Raw POST input: {"nombre":"Sharon Perdomo","email":"sharon@libreria.com","telefono":"312 409 34 33","password":"sharon123","rol":"seller","estado":"activo","direccion":"KR 8 AESTE SUR 42 15 BR"}
[08-Aug-2025 05:04:02 Europe/Berlin] Parsed input: Array
(
    [nombre] => Sharon Perdomo
    [email] => sharon@libreria.com
    [telefono] => 312 409 34 33
    [password] => sharon123
    [rol] => seller
    [estado] => activo
    [direccion] => KR 8 AESTE SUR 42 15 BR
)

[08-Aug-2025 05:04:02 Europe/Berlin] Error en executeUpdate: SQLSTATE[42S22]: Column not found: 1054 Unknown column 'created_at' in 'field list'
[08-Aug-2025 05:06:34 Europe/Berlin] Error en executeQuery: SQLSTATE[42S22]: Column not found: 1054 Unknown column 'created_at' in 'field list'
[08-Aug-2025 05:06:34 Europe/Berlin] Error en executeQuery: SQLSTATE[42S22]: Column not found: 1054 Unknown column 'created_at' in 'where clause'
[08-Aug-2025 05:06:34 Europe/Berlin] PHP Warning:  Trying to access array offset on value of type bool in C:\xampp\htdocs\libreria-inventario\api\users_simple.php on line 43
[08-Aug-2025 05:06:34 Europe/Berlin] PHP Warning:  Trying to access array offset on value of type null in C:\xampp\htdocs\libreria-inventario\api\users_simple.php on line 43
[08-Aug-2025 05:06:34 Europe/Berlin] PHP Fatal error:  Uncaught TypeError: count(): Argument #1 ($value) must be of type Countable|array, bool given in C:\xampp\htdocs\libreria-inventario\api\users_simple.php:50
Stack trace:
#0 C:\xampp\htdocs\libreria-inventario\emergency_debug.php(131): include()
#1 {main}
  thrown in C:\xampp\htdocs\libreria-inventario\api\users_simple.php on line 50
[08-Aug-2025 05:14:03 Europe/Berlin] Error en executeUpdate: SQLSTATE[42S02]: Base table or view not found: 1146 Table 'libreria_inventario.sesiones' doesn't exist
