[31-Aug-2025 00:07:29 UTC] Auth: Buscando usuario con email: mary@libreria.com
[31-Aug-2025 00:07:29 UTC] Auth: Usuario encontrado: NO
[31-Aug-2025 00:07:42 UTC] Auth: Buscando usuario con email: maria@libreria.com
[31-Aug-2025 00:07:42 UTC] Auth: Usuario encontrado: SI
[31-Aug-2025 00:08:01 UTC] Auth: Buscando usuario con email: maria@libreria.com
[31-Aug-2025 00:08:01 UTC] Auth: Usuario encontrado: SI
[31-Aug-2025 02:06:09 UTC] Auth: Buscando usuario con email: maria@libreria.com
[31-Aug-2025 02:06:09 UTC] Auth: Usuario encontrado: SI
[31-Aug-2025 02:40:27 UTC] Auth: Buscando usuario con email: maria@libreria.com
[31-Aug-2025 02:40:27 UTC] Auth: Usuario encontrado: NO
[31-Aug-2025 02:40:38 UTC] Auth: Buscando usuario con email: maria@libreria.com
[31-Aug-2025 02:40:38 UTC] Auth: Usuario encontrado: NO
[31-Aug-2025 02:41:06 UTC] Auth: Buscando usuario con email: maria@libreria.com
[31-Aug-2025 02:41:06 UTC] Auth: Usuario encontrado: NO
[31-Aug-2025 02:41:18 UTC] Auth: Buscando usuario con email: maria@libreria.com
[31-Aug-2025 02:41:18 UTC] Auth: Usuario encontrado: NO
[31-Aug-2025 02:41:50 UTC] Auth: Buscando usuario con email: maria@libreria.com
[31-Aug-2025 02:41:50 UTC] Auth: Usuario encontrado: NO
[31-Aug-2025 02:42:28 UTC] Auth: Buscando usuario con email: maria@libreria.com
[31-Aug-2025 02:42:28 UTC] Auth: Usuario encontrado: NO
[31-Aug-2025 02:43:28 UTC] Auth: Buscando usuario con email: admin@libreria.com
[31-Aug-2025 02:43:28 UTC] Auth: Usuario encontrado: SI
[31-Aug-2025 02:44:30 UTC] Auth: Buscando usuario con email: admin@libreria.com
[31-Aug-2025 02:44:30 UTC] Auth: Usuario encontrado: SI
[31-Aug-2025 02:49:21 UTC] Auth: Buscando usuario con email: admin@libreria.com
[31-Aug-2025 02:49:21 UTC] Auth: Usuario encontrado: SI
[31-Aug-2025 02:49:58 UTC] Auth: Buscando usuario con email: admin@libreria.com
[31-Aug-2025 02:49:58 UTC] Auth: Usuario encontrado: SI
[31-Aug-2025 18:11:12 UTC] Auth: Buscando usuario con email: admin@libreria.com
[31-Aug-2025 18:11:12 UTC] Auth: Usuario encontrado: SI
[31-Aug-2025 18:11:35 UTC] Auth: Buscando usuario con email: maria@libreria.com
[31-Aug-2025 18:11:35 UTC] Auth: Usuario encontrado: NO
[31-Aug-2025 18:30:17 UTC] Auth: Buscando usuario con email: admin@libreria.com
[31-Aug-2025 18:30:17 UTC] Auth: Usuario encontrado: SI
[31-Aug-2025 18:31:12 UTC] Auth: Buscando usuario con email: admin@libreria.com
[31-Aug-2025 18:31:12 UTC] Auth: Usuario encontrado: SI
[31-Aug-2025 18:40:13 UTC] Auth: Buscando usuario con email: admin@libreria.com
[31-Aug-2025 18:40:13 UTC] Auth: Usuario encontrado: SI
[31-Aug-2025 18:41:33 UTC] Auth: Buscando usuario con email: maria@libreria.com
[31-Aug-2025 18:41:33 UTC] Auth: Usuario encontrado: NO
[31-Aug-2025 18:41:55 UTC] Auth: Buscando usuario con email: admin@libreria.com
[31-Aug-2025 18:41:55 UTC] Auth: Usuario encontrado: SI
[31-Aug-2025 18:45:31 UTC] Auth: Buscando usuario con email: admin@libreria.com
[31-Aug-2025 18:45:31 UTC] Auth: Usuario encontrado: SI
[31-Aug-2025 18:45:47 UTC] Auth: Buscando usuario con email: admin@libreria.com
[31-Aug-2025 18:45:47 UTC] Auth: Usuario encontrado: SI
[31-Aug-2025 18:54:14 UTC] Auth: Buscando usuario con email: admin@libreria.com
[31-Aug-2025 18:54:14 UTC] Auth: Usuario encontrado: SI
[31-Aug-2025 19:25:42 UTC] Auth: Buscando usuario con email: admin@libreria.com
[31-Aug-2025 19:25:42 UTC] Auth: Usuario encontrado: SI
[31-Aug-2025 19:26:34 UTC] Auth: Buscando usuario con email: vendedor@libreria.com
[31-Aug-2025 19:26:34 UTC] Auth: Usuario encontrado: SI
[31-Aug-2025 19:27:19 UTC] Auth: Buscando usuario con email: inventario@libreria.com
[31-Aug-2025 19:27:19 UTC] Auth: Usuario encontrado: SI
[31-Aug-2025 19:28:03 UTC] Auth: Buscando usuario con email: consulta@libreria.com
[31-Aug-2025 19:28:03 UTC] Auth: Usuario encontrado: SI
[31-Aug-2025 19:33:16 UTC] Auth: Buscando usuario con email: admin@libreria.com
[31-Aug-2025 19:33:16 UTC] Auth: Usuario encontrado: SI
[31-Aug-2025 19:49:28 UTC] Auth: Buscando usuario con email: admin@libreria.com
[31-Aug-2025 19:49:28 UTC] Auth: Usuario encontrado: SI
